[2018-06-24T00:08:33,151][INFO ][o.e.n.Node               ] [] initializing ...
[2018-06-24T00:08:33,414][INFO ][o.e.e.NodeEnvironment    ] [x4iGgB5] using [1] data paths, mounts [[Windows (C:)]], net usable_space [328.2gb], net total_space [431.1gb], types [NTFS]
[2018-06-24T00:08:33,414][INFO ][o.e.e.NodeEnvironment    ] [x4iGgB5] heap size [990.7mb], compressed ordinary object pointers [true]
[2018-06-24T00:08:33,414][INFO ][o.e.n.Node               ] [x4iGgB5] node name derived from node ID [x4iGgB5uQpWKvfvq_8vDuw]; set [node.name] to override
[2018-06-24T00:08:33,414][INFO ][o.e.n.Node               ] [x4iGgB5] version[6.3.0], pid[20880], build[default/zip/424e937/2018-06-11T23:38:03.357887Z], OS[Windows 10/10.0/amd64], JVM[Oracle Corporation/Java HotSpot(TM) 64-Bit Server VM/1.8.0_171/25.171-b11]
[2018-06-24T00:08:33,414][INFO ][o.e.n.Node               ] [x4iGgB5] JVM arguments [-Xms1g, -Xmx1g, -XX:+UseConcMarkSweepGC, -XX:CMSInitiatingOccupancyFraction=75, -XX:+UseCMSInitiatingOccupancyOnly, -XX:+AlwaysPreTouch, -Xss1m, -Djava.awt.headless=true, -Dfile.encoding=UTF-8, -Djna.nosys=true, -XX:-OmitStackTraceInFastThrow, -Dio.netty.noUnsafe=true, -Dio.netty.noKeySetOptimization=true, -Dio.netty.recycler.maxCapacityPerThread=0, -Dlog4j.shutdownHookEnabled=false, -Dlog4j2.disable.jmx=true, -Djava.io.tmpdir=C:\Users\gaura\AppData\Local\Temp\elasticsearch, -XX:+HeapDumpOnOutOfMemoryError, -XX:HeapDumpPath=data, -XX:ErrorFile=logs/hs_err_pid%p.log, -XX:+PrintGCDetails, -XX:+PrintGCDateStamps, -XX:+PrintTenuringDistribution, -XX:+PrintGCApplicationStoppedTime, -Xloggc:logs/gc.log, -XX:+UseGCLogFileRotation, -XX:NumberOfGCLogFiles=32, -XX:GCLogFileSize=64m, -Delasticsearch, -Des.path.home=C:\Users\gaura\Desktop\elasticsearch-6.3.0, -Des.path.conf=C:\Users\gaura\Desktop\elasticsearch-6.3.0\config, -Des.distribution.flavor=default, -Des.distribution.type=zip]
[2018-06-24T00:08:36,320][INFO ][o.e.p.PluginsService     ] [x4iGgB5] loaded module [aggs-matrix-stats]
[2018-06-24T00:08:36,320][INFO ][o.e.p.PluginsService     ] [x4iGgB5] loaded module [analysis-common]
[2018-06-24T00:08:36,320][INFO ][o.e.p.PluginsService     ] [x4iGgB5] loaded module [ingest-common]
[2018-06-24T00:08:36,320][INFO ][o.e.p.PluginsService     ] [x4iGgB5] loaded module [lang-expression]
[2018-06-24T00:08:36,320][INFO ][o.e.p.PluginsService     ] [x4iGgB5] loaded module [lang-mustache]
[2018-06-24T00:08:36,320][INFO ][o.e.p.PluginsService     ] [x4iGgB5] loaded module [lang-painless]
[2018-06-24T00:08:36,320][INFO ][o.e.p.PluginsService     ] [x4iGgB5] loaded module [mapper-extras]
[2018-06-24T00:08:36,320][INFO ][o.e.p.PluginsService     ] [x4iGgB5] loaded module [parent-join]
[2018-06-24T00:08:36,320][INFO ][o.e.p.PluginsService     ] [x4iGgB5] loaded module [percolator]
[2018-06-24T00:08:36,320][INFO ][o.e.p.PluginsService     ] [x4iGgB5] loaded module [rank-eval]
[2018-06-24T00:08:36,320][INFO ][o.e.p.PluginsService     ] [x4iGgB5] loaded module [reindex]
[2018-06-24T00:08:36,320][INFO ][o.e.p.PluginsService     ] [x4iGgB5] loaded module [repository-url]
[2018-06-24T00:08:36,320][INFO ][o.e.p.PluginsService     ] [x4iGgB5] loaded module [transport-netty4]
[2018-06-24T00:08:36,320][INFO ][o.e.p.PluginsService     ] [x4iGgB5] loaded module [tribe]
[2018-06-24T00:08:36,335][INFO ][o.e.p.PluginsService     ] [x4iGgB5] loaded module [x-pack-core]
[2018-06-24T00:08:36,335][INFO ][o.e.p.PluginsService     ] [x4iGgB5] loaded module [x-pack-deprecation]
[2018-06-24T00:08:36,335][INFO ][o.e.p.PluginsService     ] [x4iGgB5] loaded module [x-pack-graph]
[2018-06-24T00:08:36,335][INFO ][o.e.p.PluginsService     ] [x4iGgB5] loaded module [x-pack-logstash]
[2018-06-24T00:08:36,335][INFO ][o.e.p.PluginsService     ] [x4iGgB5] loaded module [x-pack-ml]
[2018-06-24T00:08:36,335][INFO ][o.e.p.PluginsService     ] [x4iGgB5] loaded module [x-pack-monitoring]
[2018-06-24T00:08:36,335][INFO ][o.e.p.PluginsService     ] [x4iGgB5] loaded module [x-pack-rollup]
[2018-06-24T00:08:36,335][INFO ][o.e.p.PluginsService     ] [x4iGgB5] loaded module [x-pack-security]
[2018-06-24T00:08:36,335][INFO ][o.e.p.PluginsService     ] [x4iGgB5] loaded module [x-pack-sql]
[2018-06-24T00:08:36,335][INFO ][o.e.p.PluginsService     ] [x4iGgB5] loaded module [x-pack-upgrade]
[2018-06-24T00:08:36,335][INFO ][o.e.p.PluginsService     ] [x4iGgB5] loaded module [x-pack-watcher]
[2018-06-24T00:08:36,335][INFO ][o.e.p.PluginsService     ] [x4iGgB5] no plugins loaded
[2018-06-24T00:08:39,656][INFO ][o.e.x.s.a.s.FileRolesStore] [x4iGgB5] parsed [0] roles from file [C:\Users\gaura\Desktop\elasticsearch-6.3.0\config\roles.yml]
[2018-06-24T00:08:40,289][INFO ][o.e.x.m.j.p.l.CppLogMessageHandler] [controller/20652] [Main.cc@109] controller (64 bit): Version 6.3.0 (Build 0f0a34c67965d7) Copyright (c) 2018 Elasticsearch BV
[2018-06-24T00:08:40,742][DEBUG][o.e.a.ActionModule       ] Using REST wrapper from plugin org.elasticsearch.xpack.security.Security
[2018-06-24T00:08:41,073][INFO ][o.e.d.DiscoveryModule    ] [x4iGgB5] using discovery type [zen]
[2018-06-24T00:08:42,149][INFO ][o.e.n.Node               ] [x4iGgB5] initialized
[2018-06-24T00:08:42,149][INFO ][o.e.n.Node               ] [x4iGgB5] starting ...
[2018-06-24T00:08:42,842][INFO ][o.e.t.TransportService   ] [x4iGgB5] publish_address {127.0.0.1:9300}, bound_addresses {127.0.0.1:9300}, {[::1]:9300}
[2018-06-24T00:08:45,914][INFO ][o.e.c.s.MasterService    ] [x4iGgB5] zen-disco-elected-as-master ([0] nodes joined)[, ], reason: new_master {x4iGgB5}{x4iGgB5uQpWKvfvq_8vDuw}{bKns0k6eRY-CFKymyHATsA}{127.0.0.1}{127.0.0.1:9300}{ml.machine_memory=16739983360, xpack.installed=true, ml.max_open_jobs=20, ml.enabled=true}
[2018-06-24T00:08:45,930][INFO ][o.e.c.s.ClusterApplierService] [x4iGgB5] new_master {x4iGgB5}{x4iGgB5uQpWKvfvq_8vDuw}{bKns0k6eRY-CFKymyHATsA}{127.0.0.1}{127.0.0.1:9300}{ml.machine_memory=16739983360, xpack.installed=true, ml.max_open_jobs=20, ml.enabled=true}, reason: apply cluster state (from master [master {x4iGgB5}{x4iGgB5uQpWKvfvq_8vDuw}{bKns0k6eRY-CFKymyHATsA}{127.0.0.1}{127.0.0.1:9300}{ml.machine_memory=16739983360, xpack.installed=true, ml.max_open_jobs=20, ml.enabled=true} committed version [1] source [zen-disco-elected-as-master ([0] nodes joined)[, ]]])
[2018-06-24T00:08:46,014][WARN ][o.e.x.s.a.s.m.NativeRoleMappingStore] [x4iGgB5] Failed to clear cache for realms [[]]
[2018-06-24T00:08:46,088][INFO ][o.e.g.GatewayService     ] [x4iGgB5] recovered [0] indices into cluster_state
[2018-06-24T00:08:46,279][INFO ][o.e.c.m.MetaDataIndexTemplateService] [x4iGgB5] adding template [.watches] for index patterns [.watches*]
[2018-06-24T00:08:46,392][INFO ][o.e.c.m.MetaDataIndexTemplateService] [x4iGgB5] adding template [.triggered_watches] for index patterns [.triggered_watches*]
[2018-06-24T00:08:46,455][INFO ][o.e.c.m.MetaDataIndexTemplateService] [x4iGgB5] adding template [.watch-history-7] for index patterns [.watcher-history-7*]
[2018-06-24T00:08:46,502][INFO ][o.e.c.m.MetaDataIndexTemplateService] [x4iGgB5] adding template [.monitoring-logstash] for index patterns [.monitoring-logstash-6-*]
[2018-06-24T00:08:46,587][INFO ][o.e.c.m.MetaDataIndexTemplateService] [x4iGgB5] adding template [.monitoring-es] for index patterns [.monitoring-es-6-*]
[2018-06-24T00:08:46,640][INFO ][o.e.c.m.MetaDataIndexTemplateService] [x4iGgB5] adding template [.monitoring-beats] for index patterns [.monitoring-beats-6-*]
[2018-06-24T00:08:46,671][INFO ][o.e.c.m.MetaDataIndexTemplateService] [x4iGgB5] adding template [.monitoring-alerts] for index patterns [.monitoring-alerts-6]
[2018-06-24T00:08:46,718][INFO ][o.e.c.m.MetaDataIndexTemplateService] [x4iGgB5] adding template [.monitoring-kibana] for index patterns [.monitoring-kibana-6-*]
[2018-06-24T00:08:46,742][INFO ][o.e.x.s.t.n.SecurityNetty4HttpServerTransport] [x4iGgB5] publish_address {127.0.0.1:9200}, bound_addresses {127.0.0.1:9200}, {[::1]:9200}
[2018-06-24T00:08:46,742][INFO ][o.e.n.Node               ] [x4iGgB5] started
[2018-06-24T00:08:46,793][INFO ][o.e.l.LicenseService     ] [x4iGgB5] license [0e58f681-e07f-4251-a21a-daf862e59f00] mode [basic] - valid
[2018-06-24T00:09:38,976][WARN ][o.e.x.s.t.n.SecurityNetty4ServerTransport] [x4iGgB5] exception caught on transport layer [NettyTcpChannel{localAddress=/127.0.0.1:9300, remoteAddress=/127.0.0.1:64765}], closing connection
java.lang.IllegalStateException: Received message from unsupported version: [5.5.3] minimal compatible version is: [5.6.0]
	at org.elasticsearch.transport.TcpTransport.ensureVersionCompatibility(TcpTransport.java:1462) ~[elasticsearch-6.3.0.jar:6.3.0]
	at org.elasticsearch.transport.TcpTransport.messageReceived(TcpTransport.java:1409) ~[elasticsearch-6.3.0.jar:6.3.0]
	at org.elasticsearch.transport.netty4.Netty4MessageChannelHandler.channelRead(Netty4MessageChannelHandler.java:64) ~[transport-netty4-6.3.0.jar:6.3.0]
	at io.netty.channel.AbstractChannelHandlerContext.invokeChannelRead(AbstractChannelHandlerContext.java:362) [netty-transport-4.1.16.Final.jar:4.1.16.Final]
	at io.netty.channel.AbstractChannelHandlerContext.invokeChannelRead(AbstractChannelHandlerContext.java:348) [netty-transport-4.1.16.Final.jar:4.1.16.Final]
	at io.netty.channel.AbstractChannelHandlerContext.fireChannelRead(AbstractChannelHandlerContext.java:340) [netty-transport-4.1.16.Final.jar:4.1.16.Final]
	at io.netty.handler.codec.ByteToMessageDecoder.fireChannelRead(ByteToMessageDecoder.java:310) [netty-codec-4.1.16.Final.jar:4.1.16.Final]
	at io.netty.handler.codec.ByteToMessageDecoder.fireChannelRead(ByteToMessageDecoder.java:297) [netty-codec-4.1.16.Final.jar:4.1.16.Final]
	at io.netty.handler.codec.ByteToMessageDecoder.callDecode(ByteToMessageDecoder.java:413) [netty-codec-4.1.16.Final.jar:4.1.16.Final]
	at io.netty.handler.codec.ByteToMessageDecoder.channelRead(ByteToMessageDecoder.java:265) [netty-codec-4.1.16.Final.jar:4.1.16.Final]
	at io.netty.channel.AbstractChannelHandlerContext.invokeChannelRead(AbstractChannelHandlerContext.java:362) [netty-transport-4.1.16.Final.jar:4.1.16.Final]
	at io.netty.channel.AbstractChannelHandlerContext.invokeChannelRead(AbstractChannelHandlerContext.java:348) [netty-transport-4.1.16.Final.jar:4.1.16.Final]
	at io.netty.channel.AbstractChannelHandlerContext.fireChannelRead(AbstractChannelHandlerContext.java:340) [netty-transport-4.1.16.Final.jar:4.1.16.Final]
	at io.netty.handler.logging.LoggingHandler.channelRead(LoggingHandler.java:241) [netty-handler-4.1.16.Final.jar:4.1.16.Final]
	at io.netty.channel.AbstractChannelHandlerContext.invokeChannelRead(AbstractChannelHandlerContext.java:362) [netty-transport-4.1.16.Final.jar:4.1.16.Final]
	at io.netty.channel.AbstractChannelHandlerContext.invokeChannelRead(AbstractChannelHandlerContext.java:348) [netty-transport-4.1.16.Final.jar:4.1.16.Final]
	at io.netty.channel.AbstractChannelHandlerContext.fireChannelRead(AbstractChannelHandlerContext.java:340) [netty-transport-4.1.16.Final.jar:4.1.16.Final]
	at io.netty.channel.DefaultChannelPipeline$HeadContext.channelRead(DefaultChannelPipeline.java:1359) [netty-transport-4.1.16.Final.jar:4.1.16.Final]
	at io.netty.channel.AbstractChannelHandlerContext.invokeChannelRead(AbstractChannelHandlerContext.java:362) [netty-transport-4.1.16.Final.jar:4.1.16.Final]
	at io.netty.channel.AbstractChannelHandlerContext.invokeChannelRead(AbstractChannelHandlerContext.java:348) [netty-transport-4.1.16.Final.jar:4.1.16.Final]
	at io.netty.channel.DefaultChannelPipeline.fireChannelRead(DefaultChannelPipeline.java:935) [netty-transport-4.1.16.Final.jar:4.1.16.Final]
	at io.netty.channel.nio.AbstractNioByteChannel$NioByteUnsafe.read(AbstractNioByteChannel.java:134) [netty-transport-4.1.16.Final.jar:4.1.16.Final]
	at io.netty.channel.nio.NioEventLoop.processSelectedKey(NioEventLoop.java:645) [netty-transport-4.1.16.Final.jar:4.1.16.Final]
	at io.netty.channel.nio.NioEventLoop.processSelectedKeysPlain(NioEventLoop.java:545) [netty-transport-4.1.16.Final.jar:4.1.16.Final]
	at io.netty.channel.nio.NioEventLoop.processSelectedKeys(NioEventLoop.java:499) [netty-transport-4.1.16.Final.jar:4.1.16.Final]
	at io.netty.channel.nio.NioEventLoop.run(NioEventLoop.java:459) [netty-transport-4.1.16.Final.jar:4.1.16.Final]
	at io.netty.util.concurrent.SingleThreadEventExecutor$5.run(SingleThreadEventExecutor.java:858) [netty-common-4.1.16.Final.jar:4.1.16.Final]
	at java.lang.Thread.run(Unknown Source) [?:1.8.0_171]
[2018-06-24T00:11:51,544][INFO ][o.e.n.Node               ] [x4iGgB5] stopping ...
[2018-06-24T00:11:51,575][INFO ][o.e.x.w.WatcherService   ] [x4iGgB5] stopping watch service, reason [shutdown initiated]
[2018-06-24T00:11:51,968][INFO ][o.e.x.m.j.p.l.CppLogMessageHandler] [controller/20652] [Main.cc@148] Ml controller exiting
[2018-06-24T00:11:51,968][INFO ][o.e.x.m.j.p.NativeController] Native controller process has stopped - no new native processes can be started
[2018-06-24T00:11:51,968][INFO ][o.e.n.Node               ] [x4iGgB5] stopped
[2018-06-24T00:11:51,968][INFO ][o.e.n.Node               ] [x4iGgB5] closing ...
[2018-06-24T00:11:51,983][INFO ][o.e.n.Node               ] [x4iGgB5] closed
[2018-06-24T00:12:01,402][INFO ][o.e.n.Node               ] [] initializing ...
[2018-06-24T00:12:01,464][INFO ][o.e.e.NodeEnvironment    ] [x4iGgB5] using [1] data paths, mounts [[Windows (C:)]], net usable_space [328.2gb], net total_space [431.1gb], types [NTFS]
[2018-06-24T00:12:01,464][INFO ][o.e.e.NodeEnvironment    ] [x4iGgB5] heap size [990.7mb], compressed ordinary object pointers [true]
[2018-06-24T00:12:01,464][INFO ][o.e.n.Node               ] [x4iGgB5] node name derived from node ID [x4iGgB5uQpWKvfvq_8vDuw]; set [node.name] to override
[2018-06-24T00:12:01,480][INFO ][o.e.n.Node               ] [x4iGgB5] version[6.3.0], pid[15752], build[default/zip/424e937/2018-06-11T23:38:03.357887Z], OS[Windows 10/10.0/amd64], JVM[Oracle Corporation/Java HotSpot(TM) 64-Bit Server VM/1.8.0_171/25.171-b11]
[2018-06-24T00:12:01,480][INFO ][o.e.n.Node               ] [x4iGgB5] JVM arguments [-Xms1g, -Xmx1g, -XX:+UseConcMarkSweepGC, -XX:CMSInitiatingOccupancyFraction=75, -XX:+UseCMSInitiatingOccupancyOnly, -XX:+AlwaysPreTouch, -Xss1m, -Djava.awt.headless=true, -Dfile.encoding=UTF-8, -Djna.nosys=true, -XX:-OmitStackTraceInFastThrow, -Dio.netty.noUnsafe=true, -Dio.netty.noKeySetOptimization=true, -Dio.netty.recycler.maxCapacityPerThread=0, -Dlog4j.shutdownHookEnabled=false, -Dlog4j2.disable.jmx=true, -Djava.io.tmpdir=C:\Users\gaura\AppData\Local\Temp\elasticsearch, -XX:+HeapDumpOnOutOfMemoryError, -XX:HeapDumpPath=data, -XX:ErrorFile=logs/hs_err_pid%p.log, -XX:+PrintGCDetails, -XX:+PrintGCDateStamps, -XX:+PrintTenuringDistribution, -XX:+PrintGCApplicationStoppedTime, -Xloggc:logs/gc.log, -XX:+UseGCLogFileRotation, -XX:NumberOfGCLogFiles=32, -XX:GCLogFileSize=64m, -Delasticsearch, -Des.path.home=C:\Users\gaura\Desktop\elasticsearch-6.3.0, -Des.path.conf=C:\Users\gaura\Desktop\elasticsearch-6.3.0\config, -Des.distribution.flavor=default, -Des.distribution.type=zip]
[2018-06-24T00:12:03,880][INFO ][o.e.p.PluginsService     ] [x4iGgB5] loaded module [aggs-matrix-stats]
[2018-06-24T00:12:03,880][INFO ][o.e.p.PluginsService     ] [x4iGgB5] loaded module [analysis-common]
[2018-06-24T00:12:03,880][INFO ][o.e.p.PluginsService     ] [x4iGgB5] loaded module [ingest-common]
[2018-06-24T00:12:03,880][INFO ][o.e.p.PluginsService     ] [x4iGgB5] loaded module [lang-expression]
[2018-06-24T00:12:03,880][INFO ][o.e.p.PluginsService     ] [x4iGgB5] loaded module [lang-mustache]
[2018-06-24T00:12:03,888][INFO ][o.e.p.PluginsService     ] [x4iGgB5] loaded module [lang-painless]
[2018-06-24T00:12:03,888][INFO ][o.e.p.PluginsService     ] [x4iGgB5] loaded module [mapper-extras]
[2018-06-24T00:12:03,888][INFO ][o.e.p.PluginsService     ] [x4iGgB5] loaded module [parent-join]
[2018-06-24T00:12:03,888][INFO ][o.e.p.PluginsService     ] [x4iGgB5] loaded module [percolator]
[2018-06-24T00:12:03,888][INFO ][o.e.p.PluginsService     ] [x4iGgB5] loaded module [rank-eval]
[2018-06-24T00:12:03,888][INFO ][o.e.p.PluginsService     ] [x4iGgB5] loaded module [reindex]
[2018-06-24T00:12:03,888][INFO ][o.e.p.PluginsService     ] [x4iGgB5] loaded module [repository-url]
[2018-06-24T00:12:03,888][INFO ][o.e.p.PluginsService     ] [x4iGgB5] loaded module [transport-netty4]
[2018-06-24T00:12:03,888][INFO ][o.e.p.PluginsService     ] [x4iGgB5] loaded module [tribe]
[2018-06-24T00:12:03,888][INFO ][o.e.p.PluginsService     ] [x4iGgB5] loaded module [x-pack-core]
[2018-06-24T00:12:03,888][INFO ][o.e.p.PluginsService     ] [x4iGgB5] loaded module [x-pack-deprecation]
[2018-06-24T00:12:03,888][INFO ][o.e.p.PluginsService     ] [x4iGgB5] loaded module [x-pack-graph]
[2018-06-24T00:12:03,888][INFO ][o.e.p.PluginsService     ] [x4iGgB5] loaded module [x-pack-logstash]
[2018-06-24T00:12:03,888][INFO ][o.e.p.PluginsService     ] [x4iGgB5] loaded module [x-pack-ml]
[2018-06-24T00:12:03,888][INFO ][o.e.p.PluginsService     ] [x4iGgB5] loaded module [x-pack-monitoring]
[2018-06-24T00:12:03,888][INFO ][o.e.p.PluginsService     ] [x4iGgB5] loaded module [x-pack-rollup]
[2018-06-24T00:12:03,888][INFO ][o.e.p.PluginsService     ] [x4iGgB5] loaded module [x-pack-security]
[2018-06-24T00:12:03,888][INFO ][o.e.p.PluginsService     ] [x4iGgB5] loaded module [x-pack-sql]
[2018-06-24T00:12:03,888][INFO ][o.e.p.PluginsService     ] [x4iGgB5] loaded module [x-pack-upgrade]
[2018-06-24T00:12:03,898][INFO ][o.e.p.PluginsService     ] [x4iGgB5] loaded module [x-pack-watcher]
[2018-06-24T00:12:03,898][INFO ][o.e.p.PluginsService     ] [x4iGgB5] no plugins loaded
[2018-06-24T00:12:07,116][INFO ][o.e.x.s.a.s.FileRolesStore] [x4iGgB5] parsed [0] roles from file [C:\Users\gaura\Desktop\elasticsearch-6.3.0\config\roles.yml]
[2018-06-24T00:12:07,740][INFO ][o.e.x.m.j.p.l.CppLogMessageHandler] [controller/20592] [Main.cc@109] controller (64 bit): Version 6.3.0 (Build 0f0a34c67965d7) Copyright (c) 2018 Elasticsearch BV
[2018-06-24T00:12:08,143][DEBUG][o.e.a.ActionModule       ] Using REST wrapper from plugin org.elasticsearch.xpack.security.Security
[2018-06-24T00:12:08,434][INFO ][o.e.d.DiscoveryModule    ] [x4iGgB5] using discovery type [zen]
[2018-06-24T00:12:09,368][INFO ][o.e.n.Node               ] [x4iGgB5] initialized
[2018-06-24T00:12:09,368][INFO ][o.e.n.Node               ] [x4iGgB5] starting ...
[2018-06-24T00:12:09,954][INFO ][o.e.t.TransportService   ] [x4iGgB5] publish_address {127.0.0.1:9300}, bound_addresses {127.0.0.1:9300}, {[::1]:9300}
[2018-06-24T00:12:13,036][INFO ][o.e.c.s.MasterService    ] [x4iGgB5] zen-disco-elected-as-master ([0] nodes joined)[, ], reason: new_master {x4iGgB5}{x4iGgB5uQpWKvfvq_8vDuw}{_ZNZsfFgQoK6DCpdaSk6aA}{127.0.0.1}{127.0.0.1:9300}{ml.machine_memory=16739983360, xpack.installed=true, ml.max_open_jobs=20, ml.enabled=true}
[2018-06-24T00:12:13,036][INFO ][o.e.c.s.ClusterApplierService] [x4iGgB5] new_master {x4iGgB5}{x4iGgB5uQpWKvfvq_8vDuw}{_ZNZsfFgQoK6DCpdaSk6aA}{127.0.0.1}{127.0.0.1:9300}{ml.machine_memory=16739983360, xpack.installed=true, ml.max_open_jobs=20, ml.enabled=true}, reason: apply cluster state (from master [master {x4iGgB5}{x4iGgB5uQpWKvfvq_8vDuw}{_ZNZsfFgQoK6DCpdaSk6aA}{127.0.0.1}{127.0.0.1:9300}{ml.machine_memory=16739983360, xpack.installed=true, ml.max_open_jobs=20, ml.enabled=true} committed version [1] source [zen-disco-elected-as-master ([0] nodes joined)[, ]]])
[2018-06-24T00:12:13,433][WARN ][o.e.x.s.a.s.m.NativeRoleMappingStore] [x4iGgB5] Failed to clear cache for realms [[]]
[2018-06-24T00:12:13,461][INFO ][o.e.l.LicenseService     ] [x4iGgB5] license [0e58f681-e07f-4251-a21a-daf862e59f00] mode [basic] - valid
[2018-06-24T00:12:13,473][INFO ][o.e.g.GatewayService     ] [x4iGgB5] recovered [0] indices into cluster_state
[2018-06-24T00:12:13,544][INFO ][o.e.x.s.t.n.SecurityNetty4HttpServerTransport] [x4iGgB5] publish_address {127.0.0.1:9200}, bound_addresses {127.0.0.1:9200}, {[::1]:9200}
[2018-06-24T00:12:13,544][INFO ][o.e.n.Node               ] [x4iGgB5] started
[2018-06-24T00:15:11,934][INFO ][o.e.c.m.MetaDataCreateIndexService] [x4iGgB5] [contacts] creating index, cause [auto(bulk api)], templates [], shards [5]/[1], mappings []
[2018-06-24T00:15:12,684][INFO ][o.e.c.m.MetaDataMappingService] [x4iGgB5] [contacts/fmvyW7t5R2S_dEG4qvgxFg] create_mapping [contact]
[2018-06-24T00:31:40,465][INFO ][o.e.n.Node               ] [x4iGgB5] stopping ...
[2018-06-24T00:31:40,465][INFO ][o.e.x.w.WatcherService   ] [x4iGgB5] stopping watch service, reason [shutdown initiated]
[2018-06-24T00:31:40,929][INFO ][o.e.x.m.j.p.l.CppLogMessageHandler] [controller/20592] [Main.cc@148] Ml controller exiting
[2018-06-24T00:31:40,929][INFO ][o.e.x.m.j.p.NativeController] Native controller process has stopped - no new native processes can be started
[2018-06-24T00:31:41,044][INFO ][o.e.n.Node               ] [x4iGgB5] stopped
[2018-06-24T00:31:41,044][INFO ][o.e.n.Node               ] [x4iGgB5] closing ...
[2018-06-24T00:31:41,044][INFO ][o.e.n.Node               ] [x4iGgB5] closed
[2018-06-24T01:00:25,460][INFO ][o.e.n.Node               ] [] initializing ...
[2018-06-24T01:00:25,529][INFO ][o.e.e.NodeEnvironment    ] [x4iGgB5] using [1] data paths, mounts [[Windows (C:)]], net usable_space [328.1gb], net total_space [431.1gb], types [NTFS]
[2018-06-24T01:00:25,529][INFO ][o.e.e.NodeEnvironment    ] [x4iGgB5] heap size [990.7mb], compressed ordinary object pointers [true]
[2018-06-24T01:00:25,576][INFO ][o.e.n.Node               ] [x4iGgB5] node name derived from node ID [x4iGgB5uQpWKvfvq_8vDuw]; set [node.name] to override
[2018-06-24T01:00:25,591][INFO ][o.e.n.Node               ] [x4iGgB5] version[6.3.0], pid[21720], build[default/zip/424e937/2018-06-11T23:38:03.357887Z], OS[Windows 10/10.0/amd64], JVM[Oracle Corporation/Java HotSpot(TM) 64-Bit Server VM/1.8.0_171/25.171-b11]
[2018-06-24T01:00:25,591][INFO ][o.e.n.Node               ] [x4iGgB5] JVM arguments [-Xms1g, -Xmx1g, -XX:+UseConcMarkSweepGC, -XX:CMSInitiatingOccupancyFraction=75, -XX:+UseCMSInitiatingOccupancyOnly, -XX:+AlwaysPreTouch, -Xss1m, -Djava.awt.headless=true, -Dfile.encoding=UTF-8, -Djna.nosys=true, -XX:-OmitStackTraceInFastThrow, -Dio.netty.noUnsafe=true, -Dio.netty.noKeySetOptimization=true, -Dio.netty.recycler.maxCapacityPerThread=0, -Dlog4j.shutdownHookEnabled=false, -Dlog4j2.disable.jmx=true, -Djava.io.tmpdir=C:\Users\gaura\AppData\Local\Temp\elasticsearch, -XX:+HeapDumpOnOutOfMemoryError, -XX:HeapDumpPath=data, -XX:ErrorFile=logs/hs_err_pid%p.log, -XX:+PrintGCDetails, -XX:+PrintGCDateStamps, -XX:+PrintTenuringDistribution, -XX:+PrintGCApplicationStoppedTime, -Xloggc:logs/gc.log, -XX:+UseGCLogFileRotation, -XX:NumberOfGCLogFiles=32, -XX:GCLogFileSize=64m, -Delasticsearch, -Des.path.home=C:\Users\gaura\Desktop\elasticsearch-6.3.0, -Des.path.conf=C:\Users\gaura\Desktop\elasticsearch-6.3.0\config, -Des.distribution.flavor=default, -Des.distribution.type=zip]
[2018-06-24T01:00:27,949][INFO ][o.e.p.PluginsService     ] [x4iGgB5] loaded module [aggs-matrix-stats]
[2018-06-24T01:00:27,949][INFO ][o.e.p.PluginsService     ] [x4iGgB5] loaded module [analysis-common]
[2018-06-24T01:00:27,949][INFO ][o.e.p.PluginsService     ] [x4iGgB5] loaded module [ingest-common]
[2018-06-24T01:00:27,949][INFO ][o.e.p.PluginsService     ] [x4iGgB5] loaded module [lang-expression]
[2018-06-24T01:00:27,949][INFO ][o.e.p.PluginsService     ] [x4iGgB5] loaded module [lang-mustache]
[2018-06-24T01:00:27,949][INFO ][o.e.p.PluginsService     ] [x4iGgB5] loaded module [lang-painless]
[2018-06-24T01:00:27,949][INFO ][o.e.p.PluginsService     ] [x4iGgB5] loaded module [mapper-extras]
[2018-06-24T01:00:27,949][INFO ][o.e.p.PluginsService     ] [x4iGgB5] loaded module [parent-join]
[2018-06-24T01:00:27,949][INFO ][o.e.p.PluginsService     ] [x4iGgB5] loaded module [percolator]
[2018-06-24T01:00:27,949][INFO ][o.e.p.PluginsService     ] [x4iGgB5] loaded module [rank-eval]
[2018-06-24T01:00:27,949][INFO ][o.e.p.PluginsService     ] [x4iGgB5] loaded module [reindex]
[2018-06-24T01:00:27,949][INFO ][o.e.p.PluginsService     ] [x4iGgB5] loaded module [repository-url]
[2018-06-24T01:00:27,949][INFO ][o.e.p.PluginsService     ] [x4iGgB5] loaded module [transport-netty4]
[2018-06-24T01:00:27,949][INFO ][o.e.p.PluginsService     ] [x4iGgB5] loaded module [tribe]
[2018-06-24T01:00:27,949][INFO ][o.e.p.PluginsService     ] [x4iGgB5] loaded module [x-pack-core]
[2018-06-24T01:00:27,949][INFO ][o.e.p.PluginsService     ] [x4iGgB5] loaded module [x-pack-deprecation]
[2018-06-24T01:00:27,949][INFO ][o.e.p.PluginsService     ] [x4iGgB5] loaded module [x-pack-graph]
[2018-06-24T01:00:27,949][INFO ][o.e.p.PluginsService     ] [x4iGgB5] loaded module [x-pack-logstash]
[2018-06-24T01:00:27,949][INFO ][o.e.p.PluginsService     ] [x4iGgB5] loaded module [x-pack-ml]
[2018-06-24T01:00:27,964][INFO ][o.e.p.PluginsService     ] [x4iGgB5] loaded module [x-pack-monitoring]
[2018-06-24T01:00:27,964][INFO ][o.e.p.PluginsService     ] [x4iGgB5] loaded module [x-pack-rollup]
[2018-06-24T01:00:27,964][INFO ][o.e.p.PluginsService     ] [x4iGgB5] loaded module [x-pack-security]
[2018-06-24T01:00:27,964][INFO ][o.e.p.PluginsService     ] [x4iGgB5] loaded module [x-pack-sql]
[2018-06-24T01:00:27,964][INFO ][o.e.p.PluginsService     ] [x4iGgB5] loaded module [x-pack-upgrade]
[2018-06-24T01:00:27,964][INFO ][o.e.p.PluginsService     ] [x4iGgB5] loaded module [x-pack-watcher]
[2018-06-24T01:00:27,964][INFO ][o.e.p.PluginsService     ] [x4iGgB5] no plugins loaded
[2018-06-24T01:00:31,417][INFO ][o.e.x.s.a.s.FileRolesStore] [x4iGgB5] parsed [0] roles from file [C:\Users\gaura\Desktop\elasticsearch-6.3.0\config\roles.yml]
[2018-06-24T01:00:32,119][INFO ][o.e.x.m.j.p.l.CppLogMessageHandler] [controller/21260] [Main.cc@109] controller (64 bit): Version 6.3.0 (Build 0f0a34c67965d7) Copyright (c) 2018 Elasticsearch BV
[2018-06-24T01:00:32,584][DEBUG][o.e.a.ActionModule       ] Using REST wrapper from plugin org.elasticsearch.xpack.security.Security
[2018-06-24T01:00:32,946][INFO ][o.e.d.DiscoveryModule    ] [x4iGgB5] using discovery type [zen]
[2018-06-24T01:00:34,072][INFO ][o.e.n.Node               ] [x4iGgB5] initialized
[2018-06-24T01:00:34,080][INFO ][o.e.n.Node               ] [x4iGgB5] starting ...
[2018-06-24T01:00:34,670][INFO ][o.e.t.TransportService   ] [x4iGgB5] publish_address {127.0.0.1:9300}, bound_addresses {127.0.0.1:9300}, {[::1]:9300}
[2018-06-24T01:00:37,785][INFO ][o.e.c.s.MasterService    ] [x4iGgB5] zen-disco-elected-as-master ([0] nodes joined)[, ], reason: new_master {x4iGgB5}{x4iGgB5uQpWKvfvq_8vDuw}{M9_-0TEmTRO1j4OdtniiDQ}{127.0.0.1}{127.0.0.1:9300}{ml.machine_memory=16739983360, xpack.installed=true, ml.max_open_jobs=20, ml.enabled=true}
[2018-06-24T01:00:37,800][INFO ][o.e.c.s.ClusterApplierService] [x4iGgB5] new_master {x4iGgB5}{x4iGgB5uQpWKvfvq_8vDuw}{M9_-0TEmTRO1j4OdtniiDQ}{127.0.0.1}{127.0.0.1:9300}{ml.machine_memory=16739983360, xpack.installed=true, ml.max_open_jobs=20, ml.enabled=true}, reason: apply cluster state (from master [master {x4iGgB5}{x4iGgB5uQpWKvfvq_8vDuw}{M9_-0TEmTRO1j4OdtniiDQ}{127.0.0.1}{127.0.0.1:9300}{ml.machine_memory=16739983360, xpack.installed=true, ml.max_open_jobs=20, ml.enabled=true} committed version [1] source [zen-disco-elected-as-master ([0] nodes joined)[, ]]])
[2018-06-24T01:00:38,501][INFO ][o.e.x.s.t.n.SecurityNetty4HttpServerTransport] [x4iGgB5] publish_address {127.0.0.1:9200}, bound_addresses {127.0.0.1:9200}, {[::1]:9200}
[2018-06-24T01:00:38,503][INFO ][o.e.n.Node               ] [x4iGgB5] started
[2018-06-24T01:00:38,543][WARN ][o.e.x.s.a.s.m.NativeRoleMappingStore] [x4iGgB5] Failed to clear cache for realms [[]]
[2018-06-24T01:00:38,561][INFO ][o.e.l.LicenseService     ] [x4iGgB5] license [0e58f681-e07f-4251-a21a-daf862e59f00] mode [basic] - valid
[2018-06-24T01:00:38,571][INFO ][o.e.g.GatewayService     ] [x4iGgB5] recovered [1] indices into cluster_state
[2018-06-24T01:00:39,020][INFO ][o.e.c.r.a.AllocationService] [x4iGgB5] Cluster health status changed from [RED] to [YELLOW] (reason: [shards started [[contacts][1]] ...]).
[2018-06-24T04:51:50,255][INFO ][o.e.n.Node               ] [x4iGgB5] stopping ...
[2018-06-24T04:51:50,262][INFO ][o.e.x.w.WatcherService   ] [x4iGgB5] stopping watch service, reason [shutdown initiated]
[2018-06-24T04:51:50,615][INFO ][o.e.x.m.j.p.l.CppLogMessageHandler] [controller/21260] [Main.cc@148] Ml controller exiting
[2018-06-24T04:51:50,616][INFO ][o.e.x.m.j.p.NativeController] Native controller process has stopped - no new native processes can be started
[2018-06-24T04:51:50,658][INFO ][o.e.n.Node               ] [x4iGgB5] stopped
[2018-06-24T04:51:50,661][INFO ][o.e.n.Node               ] [x4iGgB5] closing ...
[2018-06-24T04:51:50,681][INFO ][o.e.n.Node               ] [x4iGgB5] closed
[2018-06-24T13:03:12,183][INFO ][o.e.n.Node               ] [] initializing ...
[2018-06-24T13:03:12,299][INFO ][o.e.e.NodeEnvironment    ] [x4iGgB5] using [1] data paths, mounts [[Windows (C:)]], net usable_space [327.8gb], net total_space [431.1gb], types [NTFS]
[2018-06-24T13:03:12,299][INFO ][o.e.e.NodeEnvironment    ] [x4iGgB5] heap size [990.7mb], compressed ordinary object pointers [true]
[2018-06-24T13:03:12,384][INFO ][o.e.n.Node               ] [x4iGgB5] node name derived from node ID [x4iGgB5uQpWKvfvq_8vDuw]; set [node.name] to override
[2018-06-24T13:03:12,384][INFO ][o.e.n.Node               ] [x4iGgB5] version[6.3.0], pid[22128], build[default/zip/424e937/2018-06-11T23:38:03.357887Z], OS[Windows 10/10.0/amd64], JVM[Oracle Corporation/Java HotSpot(TM) 64-Bit Server VM/1.8.0_171/25.171-b11]
[2018-06-24T13:03:12,384][INFO ][o.e.n.Node               ] [x4iGgB5] JVM arguments [-Xms1g, -Xmx1g, -XX:+UseConcMarkSweepGC, -XX:CMSInitiatingOccupancyFraction=75, -XX:+UseCMSInitiatingOccupancyOnly, -XX:+AlwaysPreTouch, -Xss1m, -Djava.awt.headless=true, -Dfile.encoding=UTF-8, -Djna.nosys=true, -XX:-OmitStackTraceInFastThrow, -Dio.netty.noUnsafe=true, -Dio.netty.noKeySetOptimization=true, -Dio.netty.recycler.maxCapacityPerThread=0, -Dlog4j.shutdownHookEnabled=false, -Dlog4j2.disable.jmx=true, -Djava.io.tmpdir=C:\Users\gaura\AppData\Local\Temp\elasticsearch, -XX:+HeapDumpOnOutOfMemoryError, -XX:HeapDumpPath=data, -XX:ErrorFile=logs/hs_err_pid%p.log, -XX:+PrintGCDetails, -XX:+PrintGCDateStamps, -XX:+PrintTenuringDistribution, -XX:+PrintGCApplicationStoppedTime, -Xloggc:logs/gc.log, -XX:+UseGCLogFileRotation, -XX:NumberOfGCLogFiles=32, -XX:GCLogFileSize=64m, -Delasticsearch, -Des.path.home=C:\Users\gaura\Desktop\elasticsearch-6.3.0, -Des.path.conf=C:\Users\gaura\Desktop\elasticsearch-6.3.0\config, -Des.distribution.flavor=default, -Des.distribution.type=zip]
[2018-06-24T13:03:20,938][INFO ][o.e.p.PluginsService     ] [x4iGgB5] loaded module [aggs-matrix-stats]
[2018-06-24T13:03:20,938][INFO ][o.e.p.PluginsService     ] [x4iGgB5] loaded module [analysis-common]
[2018-06-24T13:03:20,945][INFO ][o.e.p.PluginsService     ] [x4iGgB5] loaded module [ingest-common]
[2018-06-24T13:03:20,945][INFO ][o.e.p.PluginsService     ] [x4iGgB5] loaded module [lang-expression]
[2018-06-24T13:03:20,945][INFO ][o.e.p.PluginsService     ] [x4iGgB5] loaded module [lang-mustache]
[2018-06-24T13:03:20,945][INFO ][o.e.p.PluginsService     ] [x4iGgB5] loaded module [lang-painless]
[2018-06-24T13:03:20,945][INFO ][o.e.p.PluginsService     ] [x4iGgB5] loaded module [mapper-extras]
[2018-06-24T13:03:20,945][INFO ][o.e.p.PluginsService     ] [x4iGgB5] loaded module [parent-join]
[2018-06-24T13:03:20,945][INFO ][o.e.p.PluginsService     ] [x4iGgB5] loaded module [percolator]
[2018-06-24T13:03:20,945][INFO ][o.e.p.PluginsService     ] [x4iGgB5] loaded module [rank-eval]
[2018-06-24T13:03:20,945][INFO ][o.e.p.PluginsService     ] [x4iGgB5] loaded module [reindex]
[2018-06-24T13:03:20,945][INFO ][o.e.p.PluginsService     ] [x4iGgB5] loaded module [repository-url]
[2018-06-24T13:03:20,945][INFO ][o.e.p.PluginsService     ] [x4iGgB5] loaded module [transport-netty4]
[2018-06-24T13:03:20,945][INFO ][o.e.p.PluginsService     ] [x4iGgB5] loaded module [tribe]
[2018-06-24T13:03:20,945][INFO ][o.e.p.PluginsService     ] [x4iGgB5] loaded module [x-pack-core]
[2018-06-24T13:03:20,945][INFO ][o.e.p.PluginsService     ] [x4iGgB5] loaded module [x-pack-deprecation]
[2018-06-24T13:03:20,945][INFO ][o.e.p.PluginsService     ] [x4iGgB5] loaded module [x-pack-graph]
[2018-06-24T13:03:20,945][INFO ][o.e.p.PluginsService     ] [x4iGgB5] loaded module [x-pack-logstash]
[2018-06-24T13:03:20,945][INFO ][o.e.p.PluginsService     ] [x4iGgB5] loaded module [x-pack-ml]
[2018-06-24T13:03:20,960][INFO ][o.e.p.PluginsService     ] [x4iGgB5] loaded module [x-pack-monitoring]
[2018-06-24T13:03:20,960][INFO ][o.e.p.PluginsService     ] [x4iGgB5] loaded module [x-pack-rollup]
[2018-06-24T13:03:20,960][INFO ][o.e.p.PluginsService     ] [x4iGgB5] loaded module [x-pack-security]
[2018-06-24T13:03:20,960][INFO ][o.e.p.PluginsService     ] [x4iGgB5] loaded module [x-pack-sql]
[2018-06-24T13:03:20,960][INFO ][o.e.p.PluginsService     ] [x4iGgB5] loaded module [x-pack-upgrade]
[2018-06-24T13:03:20,960][INFO ][o.e.p.PluginsService     ] [x4iGgB5] loaded module [x-pack-watcher]
[2018-06-24T13:03:20,960][INFO ][o.e.p.PluginsService     ] [x4iGgB5] no plugins loaded
[2018-06-24T13:03:28,568][INFO ][o.e.x.s.a.s.FileRolesStore] [x4iGgB5] parsed [0] roles from file [C:\Users\gaura\Desktop\elasticsearch-6.3.0\config\roles.yml]
[2018-06-24T13:03:29,939][INFO ][o.e.x.m.j.p.l.CppLogMessageHandler] [controller/14788] [Main.cc@109] controller (64 bit): Version 6.3.0 (Build 0f0a34c67965d7) Copyright (c) 2018 Elasticsearch BV
[2018-06-24T13:03:30,884][DEBUG][o.e.a.ActionModule       ] Using REST wrapper from plugin org.elasticsearch.xpack.security.Security
[2018-06-24T13:03:31,318][INFO ][o.e.d.DiscoveryModule    ] [x4iGgB5] using discovery type [zen]
[2018-06-24T13:03:33,505][INFO ][o.e.n.Node               ] [x4iGgB5] initialized
[2018-06-24T13:03:33,505][INFO ][o.e.n.Node               ] [x4iGgB5] starting ...
[2018-06-24T13:03:34,354][INFO ][o.e.t.TransportService   ] [x4iGgB5] publish_address {127.0.0.1:9300}, bound_addresses {127.0.0.1:9300}, {[::1]:9300}
[2018-06-24T13:03:37,631][INFO ][o.e.c.s.MasterService    ] [x4iGgB5] zen-disco-elected-as-master ([0] nodes joined)[, ], reason: new_master {x4iGgB5}{x4iGgB5uQpWKvfvq_8vDuw}{IHV8uZToQeCwJ-_gD-g5vg}{127.0.0.1}{127.0.0.1:9300}{ml.machine_memory=16739983360, xpack.installed=true, ml.max_open_jobs=20, ml.enabled=true}
[2018-06-24T13:03:37,631][INFO ][o.e.c.s.ClusterApplierService] [x4iGgB5] new_master {x4iGgB5}{x4iGgB5uQpWKvfvq_8vDuw}{IHV8uZToQeCwJ-_gD-g5vg}{127.0.0.1}{127.0.0.1:9300}{ml.machine_memory=16739983360, xpack.installed=true, ml.max_open_jobs=20, ml.enabled=true}, reason: apply cluster state (from master [master {x4iGgB5}{x4iGgB5uQpWKvfvq_8vDuw}{IHV8uZToQeCwJ-_gD-g5vg}{127.0.0.1}{127.0.0.1:9300}{ml.machine_memory=16739983360, xpack.installed=true, ml.max_open_jobs=20, ml.enabled=true} committed version [1] source [zen-disco-elected-as-master ([0] nodes joined)[, ]]])
[2018-06-24T13:03:38,374][INFO ][o.e.x.s.t.n.SecurityNetty4HttpServerTransport] [x4iGgB5] publish_address {127.0.0.1:9200}, bound_addresses {127.0.0.1:9200}, {[::1]:9200}
[2018-06-24T13:03:38,385][INFO ][o.e.n.Node               ] [x4iGgB5] started
[2018-06-24T13:03:38,776][WARN ][o.e.x.s.a.s.m.NativeRoleMappingStore] [x4iGgB5] Failed to clear cache for realms [[]]
[2018-06-24T13:03:38,827][INFO ][o.e.l.LicenseService     ] [x4iGgB5] license [0e58f681-e07f-4251-a21a-daf862e59f00] mode [basic] - valid
[2018-06-24T13:03:38,887][INFO ][o.e.g.GatewayService     ] [x4iGgB5] recovered [1] indices into cluster_state
[2018-06-24T13:03:40,129][INFO ][o.e.c.r.a.AllocationService] [x4iGgB5] Cluster health status changed from [RED] to [YELLOW] (reason: [shards started [[contacts][1]] ...]).
[2018-06-24T13:13:28,492][INFO ][o.e.c.m.MetaDataCreateIndexService] [x4iGgB5] [contact] creating index, cause [auto(bulk api)], templates [], shards [5]/[1], mappings []
[2018-06-24T13:13:29,053][INFO ][o.e.c.m.MetaDataMappingService] [x4iGgB5] [contact/CZESGD6mQuOuuOGBR8ZXww] create_mapping [contact]
